<?xml version="1.0" encoding="UTF-8"?>
<!-- Generated by org.testng.reporters.JUnitReportReporter -->
<testsuite name="qsp.MavenTest" tests="1" time="0.036" ignored="0" failures="0" timestamp="16 Feb 2017 16:28:50 GMT" skipped="0" hostname="DESKTOP-N2O2IDH" errors="0">
  <testcase name="testcreate" time="0.036" classname="qsp.MavenTest"/>
</testsuite> <!-- qsp.MavenTest -->
